2023-03-10 17:44:20.161 [info] Using settings sync service https://vscode-sync.trafficmanager.net/
2023-03-10 17:44:20.161 [info] Auto Sync is disabled.
2023-03-10 18:18:40.480 [info] Sync started.
2023-03-10 18:18:41.152 [info] Did reset the local sync state.
2023-03-10 18:18:41.167 [info] Settings: Migrating last sync user data. Resource does not exist.
2023-03-10 18:18:41.168 [info] Settings: Last sync data state does not exist.
2023-03-10 18:18:41.537 [info] Settings: Migrating last sync user data. Resource does not exist.
2023-03-10 18:18:41.537 [info] Settings: Last sync data state does not exist.
2023-03-10 18:18:41.702 [info] Keybindings: Migrating last sync user data. Resource does not exist.
2023-03-10 18:18:41.702 [info] Keybindings: Last sync data state does not exist.
2023-03-10 18:18:42.076 [info] Snippets: Migrating last sync user data. Resource does not exist.
2023-03-10 18:18:42.076 [info] Snippets: Last sync data state does not exist.
2023-03-10 18:18:42.586 [info] Tasks: Migrating last sync user data. Resource does not exist.
2023-03-10 18:18:42.586 [info] Tasks: Last sync data state does not exist.
2023-03-10 18:18:42.744 [info] GlobalState: Migrating last sync user data. Resource does not exist.
2023-03-10 18:18:42.744 [info] GlobalState: Last sync data state does not exist.
2023-03-10 18:18:43.120 [info] Extensions: Migrating last sync user data. Resource does not exist.
2023-03-10 18:18:43.120 [info] Extensions: Last sync data state does not exist.
2023-03-10 18:18:43.672 [info] Profiles: Migrating last sync user data. Resource does not exist.
2023-03-10 18:18:43.673 [info] Profiles: Last sync data state does not exist.
2023-03-10 18:18:44.016 [info] Profiles: Migrating last sync user data. Resource does not exist.
2023-03-10 18:18:44.016 [info] Profiles: Last sync data state does not exist.
2023-03-10 18:18:44.018 [info] Settings: No changes found during synchronizing settings.
2023-03-10 18:18:44.033 [info] Settings: Updated last synchronized settings
2023-03-10 18:18:44.035 [info] Keybindings: No changes found during synchronizing keybindings.
2023-03-10 18:18:44.047 [info] Keybindings: Updated last synchronized keybindings
2023-03-10 18:18:44.049 [info] Snippets: No changes found during synchronizing snippets.
2023-03-10 18:18:44.060 [info] Snippets: Updated last synchronized snippets
2023-03-10 18:18:44.062 [info] Tasks: No changes found during synchronizing tasks.
2023-03-10 18:18:44.075 [info] Tasks: Updated last synchronized tasks
2023-03-10 18:18:44.330 [info] GlobalState: Migrating last sync user data. Resource does not exist.
2023-03-10 18:18:44.331 [info] GlobalState: Last sync data state does not exist.
2023-03-10 18:18:44.834 [info] GlobalState: Updated remote ui state. Added: workbench.panel.markers.hidden,workbench.panel.output.hidden,terminal.hidden,workbench.explorer.views.state.hidden,workbench.scm.views.state.hidden,workbench.view.search.state.hidden,workbench.activity.pinnedViewlets2,workbench.statusbar.hidden,workbench.panel.pinnedPanels,cpp.1.lastSessionDate,cpp.1.sessionCount,java.2.lastSessionDate,java.2.sessionCount,javascript.1.lastSessionDate,javascript.1.sessionCount,typescript.1.lastSessionDate,typescript.1.sessionCount,workbench.welcomePage.walkthroughMetadata,colorThemeData,workbench.panel.repl.hidden,workbench.view.debug.state.hidden,memento/gettingStartedService,workbench.view.extensions.state.hidden.
2023-03-10 18:18:44.844 [info] GlobalState: Updated last synchronized ui state
2023-03-10 18:18:45.116 [info] Extensions: Updated remote extensions. Added: ["vscode.bat","vscode.clojure","vscode.coffeescript","vscode.configuration-editing","vscode.cpp","vscode.csharp","vscode.css","vscode.css-language-features","vscode.dart","vscode.debug-auto-launch","vscode.debug-server-ready","vscode.diff","vscode.docker","vscode.emmet","vscode.extension-editing","vscode.fsharp","vscode.git","vscode.git-base","vscode.github","vscode.github-authentication","vscode.go","vscode.groovy","vscode.grunt","vscode.gulp","vscode.handlebars","vscode.hlsl","vscode.html","vscode.html-language-features","vscode.ini","vscode.ipynb","vscode.jake","vscode.java","vscode.javascript","vscode.json","vscode.json-language-features","vscode.julia","vscode.latex","vscode.less","vscode.log","vscode.lua","vscode.make","vscode.markdown","vscode.markdown-language-features","vscode.markdown-math","vscode.media-preview","vscode.merge-conflict","vscode.microsoft-authentication","ms-vscode.js-debug","ms-vscode.js-debug-companion","ms-vscode.vscode-js-profile-table","vscode.builtin-notebook-renderers","vscode.npm","vscode.objective-c","vscode.perl","vscode.php","vscode.php-language-features","vscode.powershell","vscode.pug","vscode.python","vscode.r","vscode.razor","vscode.references-view","vscode.restructuredtext","vscode.ruby","vscode.rust","vscode.scss","vscode.search-result","vscode.shaderlab","vscode.shellscript","vscode.simple-browser","vscode.sql","vscode.swift","vscode.theme-abyss","vscode.theme-defaults","vscode.theme-kimbie-dark","vscode.theme-monokai","vscode.theme-monokai-dimmed","vscode.theme-quietlight","vscode.theme-red","vscode.vscode-theme-seti","vscode.theme-solarized-dark","vscode.theme-solarized-light","vscode.theme-tomorrow-night-blue","vscode.typescript","vscode.typescript-language-features","vscode.vb","vscode.xml","vscode.yaml","techer.open-in-browser"].
2023-03-10 18:18:45.125 [info] Extensions: Updated last synchronized extensions.
2023-03-10 18:18:45.129 [info] Profiles: No changes found during synchronizing profiles.
2023-03-10 18:18:45.141 [info] Profiles: Updated last synchronized profiles.
2023-03-10 18:18:45.145 [info] Sync done. Took 4666ms
2023-03-10 18:18:45.150 [info] Auto Sync: Triggered by Interval
2023-03-10 18:18:45.150 [info] Sync started.
2023-03-10 18:18:45.963 [info] Settings: No changes found during synchronizing settings.
2023-03-10 18:18:45.970 [info] Keybindings: No changes found during synchronizing keybindings.
2023-03-10 18:18:45.977 [info] Snippets: No changes found during synchronizing snippets.
2023-03-10 18:18:45.983 [info] Tasks: No changes found during synchronizing tasks.
2023-03-10 18:18:46.378 [info] GlobalState: Updated remote ui state. Updated: memento/gettingStartedService.
2023-03-10 18:18:46.387 [info] GlobalState: Updated last synchronized ui state
2023-03-10 18:18:46.470 [info] Extensions: No changes found during synchronizing extensions.
2023-03-10 18:18:46.478 [info] Profiles: No changes found during synchronizing profiles.
2023-03-10 18:18:46.490 [info] Sync done. Took 1340ms
2023-03-10 18:18:47.817 [info] Auto Sync: Triggered by Activity
2023-03-10 18:18:47.818 [info] Sync started.
2023-03-10 18:18:48.215 [info] Settings: No changes found during synchronizing settings.
2023-03-10 18:18:48.222 [info] Keybindings: No changes found during synchronizing keybindings.
2023-03-10 18:18:48.229 [info] Snippets: No changes found during synchronizing snippets.
2023-03-10 18:18:48.235 [info] Tasks: No changes found during synchronizing tasks.
2023-03-10 18:18:48.242 [info] GlobalState: No changes found during synchronizing ui state.
2023-03-10 18:18:48.399 [info] Extensions: No changes found during synchronizing extensions.
2023-03-10 18:18:48.402 [info] Profiles: No changes found during synchronizing profiles.
2023-03-10 18:18:48.406 [info] Sync done. Took 590ms
2023-03-10 18:19:17.350 [info] Auto Sync: Triggered by Activity
2023-03-10 18:19:17.351 [info] Sync started.
2023-03-10 18:19:17.521 [info] Settings: No changes found during synchronizing settings.
2023-03-10 18:19:17.528 [info] Keybindings: No changes found during synchronizing keybindings.
2023-03-10 18:19:17.535 [info] Snippets: No changes found during synchronizing snippets.
2023-03-10 18:19:17.541 [info] Tasks: No changes found during synchronizing tasks.
2023-03-10 18:19:18.320 [info] GlobalState: Updated remote ui state. Updated: workbench.explorer.views.state.hidden.
2023-03-10 18:19:18.328 [info] GlobalState: Updated last synchronized ui state
2023-03-10 18:19:18.424 [info] Extensions: No changes found during synchronizing extensions.
2023-03-10 18:19:18.428 [info] Profiles: No changes found during synchronizing profiles.
2023-03-10 18:19:18.434 [info] Sync done. Took 1085ms
