2023-03-11 14:10:15.088 [info] Log level: Info
2023-03-11 14:10:15.088 [info] Validating found git in: "git"
2023-03-11 14:10:15.088 [info] Using git "2.34.1" from "git"
2023-03-11 14:10:15.088 [info] > git rev-parse --show-toplevel [22ms]
2023-03-11 14:10:15.088 [info] fatal: not a git repository (or any of the parent directories): .git
2023-03-11 14:10:15.088 [info] > git rev-parse --show-toplevel [27ms]
2023-03-11 14:10:15.088 [info] fatal: not a git repository (or any of the parent directories): .git
2023-03-11 14:10:15.088 [info] > git rev-parse --show-toplevel [26ms]
2023-03-11 14:10:15.088 [info] fatal: not a git repository (or any of the parent directories): .git
2023-03-11 14:10:15.088 [info] > git rev-parse --show-toplevel [7ms]
2023-03-11 14:10:15.088 [info] fatal: not a git repository (or any of the parent directories): .git
2023-03-11 14:10:15.088 [info] > git rev-parse --show-toplevel [13ms]
2023-03-11 14:10:15.088 [info] fatal: not a git repository (or any of the parent directories): .git
2023-03-11 14:10:15.088 [info] > git rev-parse --show-toplevel [6ms]
2023-03-11 14:10:15.088 [info] fatal: not a git repository (or any of the parent directories): .git
2023-03-11 14:10:15.088 [info] > git rev-parse --show-toplevel [5ms]
2023-03-11 14:10:15.088 [info] fatal: not a git repository (or any of the parent directories): .git
2023-03-11 14:10:15.088 [info] > git rev-parse --show-toplevel [6ms]
2023-03-11 14:10:15.088 [info] fatal: not a git repository (or any of the parent directories): .git
2023-03-11 14:10:15.088 [info] > git rev-parse --show-toplevel [5ms]
2023-03-11 14:10:15.088 [info] > git rev-parse --git-dir --git-common-dir [9ms]
2023-03-11 14:10:15.088 [info] Open repository: /home/user/.nvm
2023-03-11 14:10:15.088 [info] > git rev-parse --show-toplevel [203ms]
2023-03-11 14:10:15.088 [info] fatal: not a git repository (or any of the parent directories): .git
2023-03-11 14:10:15.089 [info] > git rev-parse --show-toplevel [21ms]
2023-03-11 14:10:15.089 [info] fatal: not a git repository (or any of the parent directories): .git
2023-03-11 14:10:15.132 [info] > git config --get commit.template [75ms]
2023-03-11 14:10:15.156 [info] > git rev-parse --show-toplevel [25ms]
2023-03-11 14:10:15.156 [info] fatal: not a git repository (or any of the parent directories): .git
2023-03-11 14:10:15.175 [info] > git for-each-ref --format %(refname) %(objectname) %(*objectname) refs/tags [21ms]
2023-03-11 14:10:15.229 [info] > git rev-parse --show-toplevel [55ms]
2023-03-11 14:10:15.229 [info] fatal: not a git repository (or any of the parent directories): .git
2023-03-11 14:10:15.262 [info] > git rev-parse --show-toplevel [24ms]
2023-03-11 14:10:15.262 [info] fatal: not a git repository (or any of the parent directories): .git
2023-03-11 14:10:15.284 [info] > git status -z -uall [74ms]
2023-03-11 14:10:15.329 [info] > git rev-parse --show-toplevel [47ms]
2023-03-11 14:10:15.329 [info] fatal: not a git repository (or any of the parent directories): .git
2023-03-11 14:10:15.346 [info] > git config --get commit.template [17ms]
2023-03-11 14:10:15.361 [info] > git rev-parse --show-toplevel [17ms]
2023-03-11 14:10:15.362 [info] fatal: not a git repository (or any of the parent directories): .git
2023-03-11 14:10:15.384 [info] > git for-each-ref --format %(refname) %(objectname) %(*objectname) refs/tags [23ms]
2023-03-11 14:10:15.393 [info] > git rev-parse --show-toplevel [11ms]
2023-03-11 14:10:15.393 [info] fatal: not a git repository (or any of the parent directories): .git
2023-03-11 14:10:15.420 [info] > git rev-parse --show-toplevel [18ms]
2023-03-11 14:10:15.420 [info] fatal: not a git repository (or any of the parent directories): .git
2023-03-11 14:10:15.437 [info] > git status -z -uall [45ms]
2023-03-11 14:10:15.438 [info] > git check-ignore -v -z --stdin [21ms]
2023-03-11 14:10:15.455 [info] > git rev-parse --show-toplevel [24ms]
2023-03-11 14:10:15.486 [info] > git rev-parse --git-dir --git-common-dir [5ms]
2023-03-11 14:10:15.501 [info] Open repository: /home/user/MY-GIT-PROJECT
2023-03-11 14:10:15.538 [info] > git rev-parse --show-toplevel [19ms]
2023-03-11 14:10:15.538 [info] fatal: not a git repository (or any of the parent directories): .git
2023-03-11 14:10:15.599 [info] > git config --get commit.template [67ms]
2023-03-11 14:10:15.611 [info] No remotes found in the git config file.
2023-03-11 14:10:15.612 [info] > git rev-parse --show-toplevel [16ms]
2023-03-11 14:10:15.612 [info] fatal: not a git repository (or any of the parent directories): .git
2023-03-11 14:10:15.638 [info] > git for-each-ref --format=%(refname)%00%(upstream:short)%00%(objectname)%00%(upstream:track)%00%(upstream:remotename)%00%(upstream:remoteref) refs/heads/master refs/remotes/master [28ms]
2023-03-11 14:10:15.655 [info] > git rev-parse --show-toplevel [19ms]
2023-03-11 14:10:15.655 [info] fatal: not a git repository (or any of the parent directories): .git
2023-03-11 14:10:15.695 [info] > git status -z -uall [44ms]
2023-03-11 14:10:15.705 [info] > git rev-parse --show-toplevel [12ms]
2023-03-11 14:10:15.705 [info] fatal: not a git repository (or any of the parent directories): .git
2023-03-11 14:10:15.724 [info] > git rev-parse --show-toplevel [4ms]
2023-03-11 14:10:15.724 [info] fatal: not a git repository (or any of the parent directories): .git
2023-03-11 14:10:15.755 [info] > git rev-parse --show-toplevel [10ms]
2023-03-11 14:10:15.791 [info] > git rev-parse --git-dir --git-common-dir [14ms]
2023-03-11 14:10:15.804 [info] Open repository: /home/user/phase-0-html-experiencing-html-lab
2023-03-11 14:10:15.835 [info] > git rev-parse --show-toplevel [23ms]
2023-03-11 14:10:15.856 [info] > git config --get commit.template [24ms]
2023-03-11 14:10:15.874 [info] > git rev-parse --git-dir --git-common-dir [19ms]
2023-03-11 14:10:15.882 [info] Open repository: /home/user/react
2023-03-11 14:10:15.921 [info] > git for-each-ref --format=%(refname)%00%(upstream:short)%00%(objectname)%00%(upstream:track)%00%(upstream:remotename)%00%(upstream:remoteref) refs/heads/master refs/remotes/master [49ms]
2023-03-11 14:10:15.939 [info] > git config --get commit.template [19ms]
2023-03-11 14:10:15.939 [info] > git rev-parse --show-toplevel [46ms]
2023-03-11 14:10:15.939 [info] fatal: not a git repository (or any of the parent directories): .git
2023-03-11 14:10:15.966 [info] > git status -z -uall [29ms]
2023-03-11 14:10:15.966 [info] > git rev-parse --show-toplevel [11ms]
2023-03-11 14:10:15.966 [info] fatal: not a git repository (or any of the parent directories): .git
2023-03-11 14:10:16.005 [info] > git for-each-ref --format=%(refname)%00%(upstream:short)%00%(objectname)%00%(upstream:track)%00%(upstream:remotename)%00%(upstream:remoteref) refs/heads/main refs/remotes/main [5ms]
2023-03-11 14:10:16.359 [info] > git rev-parse --show-toplevel [3ms]
2023-03-11 14:10:16.359 [info] fatal: not a git repository (or any of the parent directories): .git
2023-03-11 14:10:16.495 [info] > git check-ignore -v -z --stdin [76ms]
2023-03-11 14:10:16.497 [info] > git check-ignore -v -z --stdin [57ms]
2023-03-11 14:10:16.501 [info] > git check-ignore -v -z --stdin [41ms]
2023-03-11 14:10:16.513 [info] > git check-ignore -v -z --stdin [30ms]
2023-03-11 14:10:17.144 [info] > git status -z -uall [1131ms]
2023-03-11 14:10:17.605 [info] > git rev-parse --show-toplevel [15ms]
2023-03-11 14:10:17.605 [info] fatal: not a git repository (or any of the parent directories): .git
2023-03-11 14:10:18.634 [info] > git rev-parse --show-toplevel [5ms]
2023-03-11 14:10:18.634 [info] fatal: not a git repository (or any of the parent directories): .git
2023-03-11 14:10:57.522 [info] > git rev-parse --show-toplevel [4ms]
2023-03-11 14:10:57.523 [info] fatal: not a git repository (or any of the parent directories): .git
