2023-03-11 13:44:45.252 [info] Using settings sync service https://vscode-sync.trafficmanager.net/
2023-03-11 13:44:45.252 [info] Auto Sync is enabled.
2023-03-11 13:44:45.252 [info] Auto Sync: Suspended until auth token is available.
2023-03-11 13:44:47.203 [info] Auto Sync: Triggered by Interval
2023-03-11 13:44:47.206 [info] Sync started.
2023-03-11 13:44:49.263 [info] Deleting non existing profile from backup /home/user/.config/Code/User/sync/extensions
2023-03-11 13:44:49.342 [info] Deleting non existing profile from backup /home/user/.config/Code/User/sync/globalState
2023-03-11 13:44:49.344 [info] Settings: No changes found during synchronizing settings.
2023-03-11 13:44:49.430 [info] Deleting non existing profile from backup /home/user/.config/Code/User/sync/keybindings
2023-03-11 13:44:49.492 [info] Deleting non existing profile from backup /home/user/.config/Code/User/sync/profiles
2023-03-11 13:44:49.545 [info] Keybindings: No changes found during synchronizing keybindings.
2023-03-11 13:44:49.567 [info] Deleting non existing profile from backup /home/user/.config/Code/User/sync/settings
2023-03-11 13:44:49.642 [info] Deleting non existing profile from backup /home/user/.config/Code/User/sync/snippets
2023-03-11 13:44:49.714 [info] Deleting non existing profile from backup /home/user/.config/Code/User/sync/tasks
2023-03-11 13:44:49.718 [info] Snippets: No changes found during synchronizing snippets.
2023-03-11 13:44:49.751 [info] Tasks: Last sync resource does not exist locally.
2023-03-11 13:44:49.915 [info] Tasks: No changes found during synchronizing tasks.
2023-03-11 13:44:49.921 [info] GlobalState: Last sync resource does not exist locally.
2023-03-11 13:44:50.792 [info] GlobalState: Updated remote ui state. Added: nps/lastSessionDate,nps/sessionCount. Updated: workbench.explorer.views.state.hidden,workbench.statusbar.hidden,cpp.1.lastSessionDate,cpp.1.sessionCount,java.2.lastSessionDate,java.2.sessionCount,javascript.1.lastSessionDate,javascript.1.sessionCount,typescript.1.lastSessionDate,typescript.1.sessionCount.
2023-03-11 13:44:50.820 [info] GlobalState: Updated last synchronized ui state
2023-03-11 13:44:50.825 [info] Extensions: Last sync resource does not exist locally.
2023-03-11 13:44:51.620 [info] Extensions: No changes found during synchronizing extensions.
2023-03-11 13:44:51.627 [info] Profiles: Last sync resource does not exist locally.
2023-03-11 13:44:51.783 [info] Profiles: No changes found during synchronizing profiles.
2023-03-11 13:44:51.788 [info] Sync done. Took 4622ms
2023-03-11 13:46:02.036 [info] Auto Sync: Triggered by Activity
2023-03-11 13:46:02.038 [info] Sync started.
2023-03-11 13:46:02.191 [info] Settings: Last sync resource does not exist locally.
2023-03-11 13:46:02.353 [info] Settings: No changes found during synchronizing settings.
2023-03-11 13:46:02.367 [info] Keybindings: Last sync resource does not exist locally.
2023-03-11 13:46:02.522 [info] Keybindings: No changes found during synchronizing keybindings.
2023-03-11 13:46:02.532 [info] Snippets: Last sync resource does not exist locally.
2023-03-11 13:46:02.685 [info] Snippets: No changes found during synchronizing snippets.
2023-03-11 13:46:02.691 [info] Tasks: No changes found during synchronizing tasks.
2023-03-11 13:46:02.699 [info] GlobalState: No changes found during synchronizing ui state.
2023-03-11 13:46:02.818 [info] Extensions: No changes found during synchronizing extensions.
2023-03-11 13:46:02.822 [info] Profiles: No changes found during synchronizing profiles.
2023-03-11 13:46:02.827 [info] Sync done. Took 791ms
2023-03-11 13:46:18.312 [info] Auto Sync: Triggered by Activity
2023-03-11 13:46:18.313 [info] Sync started.
2023-03-11 13:46:18.728 [info] Settings: No changes found during synchronizing settings.
2023-03-11 13:46:18.736 [info] Keybindings: No changes found during synchronizing keybindings.
2023-03-11 13:46:18.743 [info] Snippets: No changes found during synchronizing snippets.
2023-03-11 13:46:18.748 [info] Tasks: No changes found during synchronizing tasks.
2023-03-11 13:46:18.755 [info] GlobalState: No changes found during synchronizing ui state.
2023-03-11 13:46:18.878 [info] Extensions: No changes found during synchronizing extensions.
2023-03-11 13:46:18.882 [info] Profiles: No changes found during synchronizing profiles.
2023-03-11 13:46:18.886 [info] Sync done. Took 575ms
2023-03-11 13:46:49.486 [info] Auto Sync: Triggered by Activity
2023-03-11 13:46:49.486 [info] Sync started.
2023-03-11 13:46:49.884 [info] Settings: No changes found during synchronizing settings.
2023-03-11 13:46:49.891 [info] Keybindings: No changes found during synchronizing keybindings.
2023-03-11 13:46:49.899 [info] Snippets: No changes found during synchronizing snippets.
2023-03-11 13:46:49.905 [info] Tasks: No changes found during synchronizing tasks.
2023-03-11 13:46:50.433 [info] GlobalState: Updated remote ui state. Added: ces/skipSurvey.
2023-03-11 13:46:50.442 [info] GlobalState: Updated last synchronized ui state
2023-03-11 13:46:50.539 [info] Extensions: No changes found during synchronizing extensions.
2023-03-11 13:46:50.543 [info] Profiles: No changes found during synchronizing profiles.
2023-03-11 13:46:50.547 [info] Sync done. Took 1062ms
2023-03-11 13:50:27.521 [info] Auto Sync: Triggered by Activity
2023-03-11 13:50:27.522 [info] Sync started.
2023-03-11 13:50:28.321 [info] Settings: No changes found during synchronizing settings.
2023-03-11 13:50:28.327 [info] Keybindings: No changes found during synchronizing keybindings.
2023-03-11 13:50:28.334 [info] Snippets: No changes found during synchronizing snippets.
2023-03-11 13:50:28.340 [info] Tasks: No changes found during synchronizing tasks.
2023-03-11 13:50:28.350 [info] GlobalState: No changes found during synchronizing ui state.
2023-03-11 13:50:28.480 [info] Extensions: No changes found during synchronizing extensions.
2023-03-11 13:50:28.484 [info] Profiles: No changes found during synchronizing profiles.
2023-03-11 13:50:28.488 [info] Sync done. Took 970ms
