2023-03-10 17:44:21.861 [info] Reading sessions from keychain...
2023-03-10 17:44:21.861 [info] Getting sessions for all scopes...
2023-03-10 17:44:21.861 [info] Got 0 sessions for ...
2023-03-10 17:44:21.877 [info] Getting sessions for user:email...
2023-03-10 17:44:21.877 [info] Got 0 sessions for user:email...
2023-03-10 17:44:22.340 [info] Getting sessions for all scopes...
2023-03-10 17:44:22.340 [info] Got 0 sessions for ...
2023-03-10 18:18:11.262 [info] Getting sessions for user:email...
2023-03-10 18:18:11.262 [info] Got 0 sessions for user:email...
2023-03-10 18:18:14.499 [info] Logging in for the following scopes: user:email
2023-03-10 18:18:14.504 [info] Trying without local server... (user:email)
2023-03-10 18:18:36.706 [info] Exchanging code for token...
2023-03-10 18:18:38.688 [info] Token exchange success!
2023-03-10 18:18:38.690 [info] Getting user info...
2023-03-10 18:18:40.430 [info] Got account info!
2023-03-10 18:18:40.431 [info] Storing 1 sessions...
2023-03-10 18:18:40.464 [info] Reading sessions from keychain...
2023-03-10 18:18:40.465 [info] Stored 1 sessions!
2023-03-10 18:18:40.465 [info] Login success!
2023-03-10 18:18:40.466 [info] Getting sessions for user:email...
2023-03-10 18:18:40.468 [info] Getting sessions for user:email...
2023-03-10 18:18:40.470 [info] Got stored sessions!
2023-03-10 18:18:40.470 [info] Got 1 verified sessions.
2023-03-10 18:18:40.470 [info] Got 1 sessions for user:email...
2023-03-10 18:18:40.470 [info] Got 1 sessions for user:email...
2023-03-10 18:18:41.693 [info] Getting user info...
2023-03-10 18:18:43.091 [info] Got account info!
