2023-03-12 13:14:39.611 [info] Log level: Info
2023-03-12 13:14:39.611 [info] Validating found git in: "git"
2023-03-12 13:14:39.611 [info] Using git "2.34.1" from "git"
2023-03-12 13:14:39.611 [info] > git rev-parse --show-toplevel [57ms]
2023-03-12 13:14:39.611 [info] fatal: not a git repository (or any of the parent directories): .git
2023-03-12 13:14:39.612 [info] > git rev-parse --show-toplevel [45ms]
2023-03-12 13:14:39.612 [info] fatal: not a git repository (or any of the parent directories): .git
2023-03-12 13:14:39.681 [info] > git rev-parse --show-toplevel [45ms]
2023-03-12 13:14:39.681 [info] fatal: not a git repository (or any of the parent directories): .git
2023-03-12 13:14:39.724 [info] > git rev-parse --show-toplevel [29ms]
2023-03-12 13:14:39.724 [info] fatal: not a git repository (or any of the parent directories): .git
2023-03-12 13:14:39.758 [info] > git rev-parse --show-toplevel [20ms]
2023-03-12 13:14:39.758 [info] fatal: not a git repository (or any of the parent directories): .git
2023-03-12 13:14:39.777 [info] > git rev-parse --show-toplevel [8ms]
2023-03-12 13:14:39.777 [info] fatal: not a git repository (or any of the parent directories): .git
2023-03-12 13:14:39.793 [info] > git rev-parse --show-toplevel [5ms]
2023-03-12 13:14:39.793 [info] fatal: not a git repository (or any of the parent directories): .git
2023-03-12 13:14:39.819 [info] > git rev-parse --show-toplevel [11ms]
2023-03-12 13:14:39.819 [info] fatal: not a git repository (or any of the parent directories): .git
2023-03-12 13:14:39.836 [info] > git rev-parse --show-toplevel [6ms]
2023-03-12 13:14:39.836 [info] fatal: not a git repository (or any of the parent directories): .git
2023-03-12 13:14:39.850 [info] > git rev-parse --show-toplevel [4ms]
2023-03-12 13:14:39.865 [info] > git rev-parse --git-dir --git-common-dir [1ms]
2023-03-12 13:14:39.908 [info] Open repository: /home/user/.nvm
2023-03-12 13:14:39.946 [info] > git rev-parse --show-toplevel [22ms]
2023-03-12 13:14:39.946 [info] fatal: not a git repository (or any of the parent directories): .git
2023-03-12 13:14:39.966 [info] > git config --get commit.template [20ms]
2023-03-12 13:14:39.968 [info] > git rev-parse --show-toplevel [4ms]
2023-03-12 13:14:39.968 [info] fatal: not a git repository (or any of the parent directories): .git
2023-03-12 13:14:39.994 [info] > git rev-parse --show-toplevel [17ms]
2023-03-12 13:14:39.994 [info] fatal: not a git repository (or any of the parent directories): .git
2023-03-12 13:14:40.013 [info] > git for-each-ref --format %(refname) %(objectname) %(*objectname) refs/tags [22ms]
2023-03-12 13:14:40.039 [info] > git rev-parse --show-toplevel [27ms]
2023-03-12 13:14:40.039 [info] fatal: not a git repository (or any of the parent directories): .git
2023-03-12 13:14:40.050 [info] > git rev-parse --show-toplevel [3ms]
2023-03-12 13:14:40.050 [info] fatal: not a git repository (or any of the parent directories): .git
2023-03-12 13:14:40.068 [info] > git rev-parse --show-toplevel [8ms]
2023-03-12 13:14:40.068 [info] fatal: not a git repository (or any of the parent directories): .git
2023-03-12 13:14:40.078 [info] > git rev-parse --show-toplevel [3ms]
2023-03-12 13:14:40.078 [info] fatal: not a git repository (or any of the parent directories): .git
2023-03-12 13:14:40.091 [info] > git status -z -uall [54ms]
2023-03-12 13:14:40.117 [info] > git rev-parse --show-toplevel [31ms]
2023-03-12 13:14:40.117 [info] fatal: not a git repository (or any of the parent directories): .git
2023-03-12 13:14:40.129 [info] > git config --get commit.template [12ms]
2023-03-12 13:14:40.138 [info] > git rev-parse --show-toplevel [11ms]
2023-03-12 13:14:40.139 [info] fatal: not a git repository (or any of the parent directories): .git
2023-03-12 13:14:40.152 [info] > git for-each-ref --format %(refname) %(objectname) %(*objectname) refs/tags [14ms]
2023-03-12 13:14:40.162 [info] > git rev-parse --show-toplevel [12ms]
2023-03-12 13:14:40.179 [info] > git rev-parse --git-dir --git-common-dir [3ms]
2023-03-12 13:14:40.190 [info] Open repository: /home/user/MY-GIT-PROJECT
2023-03-12 13:14:40.212 [info] > git status -z -uall [52ms]
2023-03-12 13:14:40.227 [info] > git rev-parse --show-toplevel [25ms]
2023-03-12 13:14:40.227 [info] fatal: not a git repository (or any of the parent directories): .git
2023-03-12 13:14:40.240 [info] > git rev-parse --show-toplevel [4ms]
2023-03-12 13:14:40.240 [info] fatal: not a git repository (or any of the parent directories): .git
2023-03-12 13:14:40.251 [info] > git config --get commit.template [39ms]
2023-03-12 13:14:40.265 [info] No remotes found in the git config file.
2023-03-12 13:14:40.267 [info] > git for-each-ref --format=%(refname)%00%(upstream:short)%00%(objectname)%00%(upstream:track)%00%(upstream:remotename)%00%(upstream:remoteref) refs/heads/master refs/remotes/master [3ms]
2023-03-12 13:14:40.277 [info] > git rev-parse --show-toplevel [26ms]
2023-03-12 13:14:40.277 [info] fatal: not a git repository (or any of the parent directories): .git
2023-03-12 13:14:40.290 [info] > git status -z -uall [14ms]
2023-03-12 13:14:40.297 [info] > git rev-parse --show-toplevel [9ms]
2023-03-12 13:14:40.297 [info] fatal: not a git repository (or any of the parent directories): .git
2023-03-12 13:14:40.308 [info] > git rev-parse --show-toplevel [3ms]
2023-03-12 13:14:40.308 [info] fatal: not a git repository (or any of the parent directories): .git
2023-03-12 13:14:40.329 [info] > git rev-parse --show-toplevel [13ms]
2023-03-12 13:14:40.340 [info] > git rev-parse --git-dir --git-common-dir [3ms]
2023-03-12 13:14:40.348 [info] Open repository: /home/user/phase-0-html-experiencing-html-lab
2023-03-12 13:14:40.375 [info] > git rev-parse --show-toplevel [17ms]
2023-03-12 13:14:40.415 [info] > git config --get commit.template [45ms]
2023-03-12 13:14:40.446 [info] > git rev-parse --git-dir --git-common-dir [38ms]
2023-03-12 13:14:40.476 [info] Open repository: /home/user/react
2023-03-12 13:14:40.514 [info] > git for-each-ref --format=%(refname)%00%(upstream:short)%00%(objectname)%00%(upstream:track)%00%(upstream:remotename)%00%(upstream:remoteref) refs/heads/master refs/remotes/master [77ms]
2023-03-12 13:14:40.542 [info] > git status -z -uall [7ms]
2023-03-12 13:14:40.543 [info] > git config --get commit.template [30ms]
2023-03-12 13:14:40.543 [info] > git rev-parse --show-toplevel [55ms]
2023-03-12 13:14:40.543 [info] fatal: not a git repository (or any of the parent directories): .git
2023-03-12 13:14:40.583 [info] > git rev-parse --show-toplevel [27ms]
2023-03-12 13:14:40.583 [info] fatal: not a git repository (or any of the parent directories): .git
2023-03-12 13:14:40.611 [info] > git for-each-ref --format=%(refname)%00%(upstream:short)%00%(objectname)%00%(upstream:track)%00%(upstream:remotename)%00%(upstream:remoteref) refs/heads/main refs/remotes/main [30ms]
2023-03-12 13:14:40.626 [info] > git rev-parse --show-toplevel [30ms]
2023-03-12 13:14:40.626 [info] fatal: not a git repository (or any of the parent directories): .git
2023-03-12 13:14:40.658 [info] > git rev-parse --show-toplevel [16ms]
2023-03-12 13:14:40.658 [info] fatal: not a git repository (or any of the parent directories): .git
2023-03-12 13:14:40.727 [info] > git rev-parse --show-toplevel [3ms]
2023-03-12 13:14:40.727 [info] fatal: not a git repository (or any of the parent directories): .git
2023-03-12 13:14:41.070 [info] > git check-ignore -v -z --stdin [62ms]
2023-03-12 13:14:41.072 [info] > git check-ignore -v -z --stdin [37ms]
2023-03-12 13:14:41.115 [info] > git check-ignore -v -z --stdin [48ms]
2023-03-12 13:14:41.176 [info] > git rev-parse --show-toplevel [4ms]
2023-03-12 13:14:41.176 [info] fatal: not a git repository (or any of the parent directories): .git
2023-03-12 13:14:41.214 [info] > git status -z -uall [589ms]
2023-03-12 13:14:42.151 [info] > git rev-parse --show-toplevel [31ms]
2023-03-12 13:14:42.151 [info] fatal: not a git repository (or any of the parent directories): .git
2023-03-12 13:20:17.193 [info] > git rev-parse --show-toplevel [3ms]
2023-03-12 13:20:17.193 [info] fatal: not a git repository (or any of the parent directories): .git
2023-03-12 13:20:21.664 [info] > git rev-parse --show-toplevel [5ms]
2023-03-12 13:20:21.664 [info] fatal: not a git repository (or any of the parent directories): .git
2023-03-12 13:20:22.947 [info] > git rev-parse --show-toplevel [2ms]
2023-03-12 13:20:22.951 [info] fatal: not a git repository (or any of the parent directories): .git
2023-03-12 13:20:26.362 [info] > git rev-parse --show-toplevel [3ms]
2023-03-12 13:20:26.362 [info] fatal: not a git repository (or any of the parent directories): .git
2023-03-12 13:20:28.634 [info] > git rev-parse --show-toplevel [1ms]
2023-03-12 13:20:28.635 [info] fatal: not a git repository (or any of the parent directories): .git
2023-03-12 13:20:39.601 [info] > git rev-parse --show-toplevel [2ms]
2023-03-12 13:20:39.601 [info] fatal: not a git repository (or any of the parent directories): .git
2023-03-12 13:20:48.291 [info] > git rev-parse --show-toplevel [2ms]
2023-03-12 13:20:48.291 [info] fatal: not a git repository (or any of the parent directories): .git
2023-03-12 13:34:14.623 [info] > git rev-parse --show-toplevel [1ms]
2023-03-12 13:34:14.630 [info] > git rev-parse --git-dir --git-common-dir [1ms]
2023-03-12 13:34:14.637 [info] Open repository: /home/user
2023-03-12 13:34:14.652 [info] > git config --get commit.template [4ms]
2023-03-12 13:34:14.663 [info] > git for-each-ref --format=%(refname)%00%(upstream:short)%00%(objectname)%00%(upstream:track)%00%(upstream:remotename)%00%(upstream:remoteref) refs/heads/main refs/remotes/main [3ms]
2023-03-12 13:34:14.788 [info] > git status -z -uall [114ms] (cancelled)
2023-03-12 13:34:15.032 [info] > git show --textconv :my_list.txt [28ms]
2023-03-12 13:34:15.032 [info] > git show --textconv :my_list.html [11ms]
2023-03-12 13:34:15.033 [info] > git ls-files --stage -- /home/user/my_list.txt [20ms]
2023-03-12 13:34:15.037 [info] > git ls-files --stage -- /home/user/my_list.html [6ms]
2023-03-12 13:34:15.201 [info] > git check-ignore -v -z --stdin [20ms]
2023-03-12 13:34:15.202 [info] > git check-ignore -v -z --stdin [15ms]
2023-03-12 13:34:15.203 [info] > git check-ignore -v -z --stdin [10ms]
2023-03-12 13:34:15.204 [info] > git check-ignore -v -z --stdin [5ms]
