[Error - 5:40:53 PM] Error while computing completions for file:///home/user/my_list.html: Range#create called with invalid arguments[[object Object], [object Object], undefined, undefined]
Error: Range#create called with invalid arguments[[object Object], [object Object], undefined, undefined]
    at e.create (/usr/share/code/resources/app/extensions/html-language-features/server/dist/node/htmlServerMain.js:1:752161)
    at /usr/share/code/resources/app/extensions/html-language-features/server/dist/node/htmlServerMain.js:1:820370
    at mt (/usr/share/code/resources/app/extensions/html-language-features/server/dist/node/htmlServerMain.js:1:820382)
    at ht.computeCompletions (/usr/share/code/resources/app/extensions/html-language-features/server/dist/node/htmlServerMain.js:1:819762)
    at vt.doComplete2 (/usr/share/code/resources/app/extensions/html-language-features/server/dist/node/htmlServerMain.js:1:821587)
    at doComplete (/usr/share/code/resources/app/extensions/html-language-features/server/dist/node/htmlServerMain.js:1:1369135)
    at /usr/share/code/resources/app/extensions/html-language-features/server/dist/node/htmlServerMain.js:1:1355321
[Error - 5:40:56 PM] Error while computing completions for file:///home/user/my_list.html: Range#create called with invalid arguments[[object Object], [object Object], undefined, undefined]
Error: Range#create called with invalid arguments[[object Object], [object Object], undefined, undefined]
    at e.create (/usr/share/code/resources/app/extensions/html-language-features/server/dist/node/htmlServerMain.js:1:752161)
    at /usr/share/code/resources/app/extensions/html-language-features/server/dist/node/htmlServerMain.js:1:820370
    at mt (/usr/share/code/resources/app/extensions/html-language-features/server/dist/node/htmlServerMain.js:1:820382)
    at ht.computeCompletions (/usr/share/code/resources/app/extensions/html-language-features/server/dist/node/htmlServerMain.js:1:819762)
    at vt.doComplete2 (/usr/share/code/resources/app/extensions/html-language-features/server/dist/node/htmlServerMain.js:1:821587)
    at doComplete (/usr/share/code/resources/app/extensions/html-language-features/server/dist/node/htmlServerMain.js:1:1369135)
    at /usr/share/code/resources/app/extensions/html-language-features/server/dist/node/htmlServerMain.js:1:1355321
[Error - 5:41:48 PM] Error while computing completions for file:///home/user/my_list.html: Range#create called with invalid arguments[[object Object], [object Object], undefined, undefined]
Error: Range#create called with invalid arguments[[object Object], [object Object], undefined, undefined]
    at e.create (/usr/share/code/resources/app/extensions/html-language-features/server/dist/node/htmlServerMain.js:1:752161)
    at /usr/share/code/resources/app/extensions/html-language-features/server/dist/node/htmlServerMain.js:1:820370
    at mt (/usr/share/code/resources/app/extensions/html-language-features/server/dist/node/htmlServerMain.js:1:820382)
    at ht.computeCompletions (/usr/share/code/resources/app/extensions/html-language-features/server/dist/node/htmlServerMain.js:1:819762)
    at vt.doComplete2 (/usr/share/code/resources/app/extensions/html-language-features/server/dist/node/htmlServerMain.js:1:821587)
    at doComplete (/usr/share/code/resources/app/extensions/html-language-features/server/dist/node/htmlServerMain.js:1:1369135)
    at /usr/share/code/resources/app/extensions/html-language-features/server/dist/node/htmlServerMain.js:1:1355321
[Error - 5:41:50 PM] Error while computing completions for file:///home/user/my_list.html: Range#create called with invalid arguments[[object Object], [object Object], undefined, undefined]
Error: Range#create called with invalid arguments[[object Object], [object Object], undefined, undefined]
    at e.create (/usr/share/code/resources/app/extensions/html-language-features/server/dist/node/htmlServerMain.js:1:752161)
    at /usr/share/code/resources/app/extensions/html-language-features/server/dist/node/htmlServerMain.js:1:820370
    at mt (/usr/share/code/resources/app/extensions/html-language-features/server/dist/node/htmlServerMain.js:1:820382)
    at ht.computeCompletions (/usr/share/code/resources/app/extensions/html-language-features/server/dist/node/htmlServerMain.js:1:819762)
    at vt.doComplete2 (/usr/share/code/resources/app/extensions/html-language-features/server/dist/node/htmlServerMain.js:1:821587)
    at doComplete (/usr/share/code/resources/app/extensions/html-language-features/server/dist/node/htmlServerMain.js:1:1369135)
    at /usr/share/code/resources/app/extensions/html-language-features/server/dist/node/htmlServerMain.js:1:1355321
[Error - 5:42:14 PM] Error while computing completions for file:///home/user/my_list.html: Range#create called with invalid arguments[[object Object], [object Object], undefined, undefined]
Error: Range#create called with invalid arguments[[object Object], [object Object], undefined, undefined]
    at e.create (/usr/share/code/resources/app/extensions/html-language-features/server/dist/node/htmlServerMain.js:1:752161)
    at /usr/share/code/resources/app/extensions/html-language-features/server/dist/node/htmlServerMain.js:1:820370
    at mt (/usr/share/code/resources/app/extensions/html-language-features/server/dist/node/htmlServerMain.js:1:820382)
    at ht.computeCompletions (/usr/share/code/resources/app/extensions/html-language-features/server/dist/node/htmlServerMain.js:1:819762)
    at vt.doComplete2 (/usr/share/code/resources/app/extensions/html-language-features/server/dist/node/htmlServerMain.js:1:821587)
    at doComplete (/usr/share/code/resources/app/extensions/html-language-features/server/dist/node/htmlServerMain.js:1:1369135)
    at /usr/share/code/resources/app/extensions/html-language-features/server/dist/node/htmlServerMain.js:1:1355321
[Error - 5:42:15 PM] Error while computing completions for file:///home/user/my_list.html: Range#create called with invalid arguments[[object Object], [object Object], undefined, undefined]
Error: Range#create called with invalid arguments[[object Object], [object Object], undefined, undefined]
    at e.create (/usr/share/code/resources/app/extensions/html-language-features/server/dist/node/htmlServerMain.js:1:752161)
    at /usr/share/code/resources/app/extensions/html-language-features/server/dist/node/htmlServerMain.js:1:820370
    at mt (/usr/share/code/resources/app/extensions/html-language-features/server/dist/node/htmlServerMain.js:1:820382)
    at ht.computeCompletions (/usr/share/code/resources/app/extensions/html-language-features/server/dist/node/htmlServerMain.js:1:819762)
    at vt.doComplete2 (/usr/share/code/resources/app/extensions/html-language-features/server/dist/node/htmlServerMain.js:1:821587)
    at doComplete (/usr/share/code/resources/app/extensions/html-language-features/server/dist/node/htmlServerMain.js:1:1369135)
    at /usr/share/code/resources/app/extensions/html-language-features/server/dist/node/htmlServerMain.js:1:1355321
